<?xml version="1.0" encoding="UTF-8"?>
<!-- Generated by org.testng.reporters.JUnitReportReporter -->
<testsuite skipped="0" hostname="DESKTOP-HKP9UOT" name="Loginpagetest.Logincase" tests="2" failures="0" timestamp="2023-08-06T17:13:27 IST" time="45.043" errors="0">
  <testcase name="login" time="11.857" classname="Loginpagetest.Logincase"/>
  <system-out/>
  <testcase name="loginwithinvalidcred" time="33.186" classname="Loginpagetest.Logincase"/>
  <system-out/>
</testsuite> <!-- Loginpagetest.Logincase -->
