<?xml version="1.0" encoding="UTF-8"?>
<!-- Generated by org.testng.reporters.JUnitReportReporter -->
<testsuite skipped="0" hostname="DESKTOP-HKP9UOT" name="Loginpagetest.Loginwithvaliddata" tests="2" failures="0" timestamp="2023-08-01T23:21:13 IST" time="15.003" errors="0">
  <testcase name="login" time="5.601" classname="Loginpagetest.Loginwithvaliddata"/>
  <system-out/>
  <testcase name="loginwithinvalidcred" time="9.402" classname="Loginpagetest.Loginwithvaliddata"/>
  <system-out/>
</testsuite> <!-- Loginpagetest.Loginwithvaliddata -->
